c:\project4\project4_831608197\analyzer\x64\debug\vc140.pdb
c:\project4\project4_831608197\analyzer\x64\debug\vc140.idb
c:\project4\project4_831608197\analyzer\x64\debug\dependanal.obj
c:\project4\project4_831608197\analyzer\x64\debug\filemgr.obj
c:\project4\project4_831608197\analyzer\x64\debug\filesystem.obj
c:\project4\project4_831608197\analyzer\x64\debug\grammarhelpers.obj
c:\project4\project4_831608197\analyzer\x64\debug\graph.obj
c:\project4\project4_831608197\analyzer\x64\debug\xmlreader.obj
c:\project4\project4_831608197\analyzer\x64\debug\xmlwriter.obj
c:\project4\project4_831608197\analyzer\x64\debug\httpmessage.obj
c:\project4\project4_831608197\analyzer\x64\debug\logger.obj
c:\project4\project4_831608197\analyzer\x64\debug\actionsandrules.obj
c:\project4\project4_831608197\analyzer\x64\debug\configureparser.obj
c:\project4\project4_831608197\analyzer\x64\debug\parser.obj
c:\project4\project4_831608197\analyzer\x64\debug\publishcode.obj
c:\project4\project4_831608197\analyzer\x64\debug\scopestack.obj
c:\project4\project4_831608197\analyzer\x64\debug\semiexp.obj
c:\project4\project4_831608197\analyzer\x64\debug\sockets.obj
c:\project4\project4_831608197\analyzer\x64\debug\tokenizer.obj
c:\project4\project4_831608197\analyzer\x64\debug\typetable.obj
c:\project4\project4_831608197\analyzer\x64\debug\utilities.obj
c:\project4\project4_831608197\analyzer\x64\debug\executive.obj
c:\project4\project4_831608197\analyzer\x64\debug\abstrsyntree.obj
c:\project4\project4_831608197\analyzer\x64\debug\cpp11-blockingqueue.obj
c:\project4\project4_831608197\x64\debug\repositoryexec.ilk
c:\project4\project4_831608197\x64\debug\repositoryexec.exe
c:\project4\project4_831608197\x64\debug\repositoryexec.pdb
c:\project4\project4_831608197\analyzer\x64\debug\repositoryexec.tlog\cl.command.1.tlog
c:\project4\project4_831608197\analyzer\x64\debug\repositoryexec.tlog\cl.read.1.tlog
c:\project4\project4_831608197\analyzer\x64\debug\repositoryexec.tlog\cl.write.1.tlog
c:\project4\project4_831608197\analyzer\x64\debug\repositoryexec.tlog\link.command.1.tlog
c:\project4\project4_831608197\analyzer\x64\debug\repositoryexec.tlog\link.read.1.tlog
c:\project4\project4_831608197\analyzer\x64\debug\repositoryexec.tlog\link.write.1.tlog
